17:51:42 **** Rebuild of configuration Debug for project Test ****
Info: Internal Builder is used for build
g++ -O0 -g3 -Wall -c -fmessage-length=0 -o "src\\Test.o" "..\\src\\Test.cpp" 
g++ -o Test.exe "src\\Test.o" 
17:55:17 **** Incremental Build of configuration Debug for project Test ****
Info: Configuration "Debug" uses tool-chain "Cygwin GCC" that is unsupported on this system, attempting to build anyway.
Info: Internal Builder is used for build
g++ -O0 -g3 -Wall -c -fmessage-length=0 -o "src\\Test.o" "..\\src\\Test.cpp" 
g++ -o Test.exe "src\\Test.o" 
18:11:36 **** Build of configuration Default for project Test ****
make all 
Cannot run program "make": Launching failed

Error: Program "make" not found in PATH
PATH=[C:\Program Files\CodeBlocks\MinGW\bin;\bin;C:\texmf\miktex\bin;C:\Windows\system32;C:\Windows;C:\Windows\System32\Wbem;C:\Windows\System32\WindowsPowerShell\v1.0\;C:\Program Files (x86)\Intel\OpenCL SDK\2.0\bin\x86;C:\Program Files (x86)\Intel\OpenCL SDK\2.0\bin\x64;C:\Program Files\CodeBlocks\MinGW\bin;C:\Program Files\Microsoft SQL Server\110\Tools\Binn\;C:\Program Files (x86)\Windows Kits\8.1\Windows Performance Toolkit/;C:\Program Files (x86)\Skype\Phone\;C:\Program Files\Microsoft SQL Server\120\Tools\Binn\;C:\Program Files (x86)\Windows Kits\8.1\Windows Performance Toolkit\;C:\Program Files (x86)\Microsoft SDKs\TypeScript\1.4\;C:\Program Files\MiKTeX 2.9\miktex\bin\x64\;?C:\Python27\python.exe;C:\Program Files (x86)\Common Files\lenovo\easyplussdk\bin;;C:\Users\MUSTA\AppData\Local\Code\bin]
20:07:13 **** Rebuild of configuration Debug for project TestManually ****
Info: Internal Builder is used for build
g++ -O0 -g3 -Wall -c -fmessage-length=0 -o "src\\TestManually.o" "..\\src\\TestManually.cpp" 
g++ -o TestManually.exe "src\\TestManually.o" 
20:09:18 **** Incremental Build of configuration Debug for project TestManually ****
Info: Internal Builder is used for build
g++ -O0 -g3 -Wall -c -fmessage-length=0 -o "src\\TestManually.o" "..\\src\\TestManually.cpp" 
g++ -o TestManually.exe "src\\TestManually.o" 
20:11:24 **** Incremental Build of configuration Debug for project TestManually ****
Info: Internal Builder is used for build
g++ -O0 -g3 -Wall -c -fmessage-length=0 -o "src\\TestManually.o" "..\\src\\TestManually.cpp" 
g++ -o TestManually.exe "src\\TestManually.o" 
20:13:03 **** Incremental Build of configuration Debug for project TestManually ****
Info: Internal Builder is used for build
g++ -O0 -g3 -Wall -c -fmessage-length=0 -o "src\\TestManually.o" "..\\src\\TestManually.cpp" 
..\src\TestManually.cpp: In function 'int main()':
..\src\TestManually.cpp:17:22: warning: too many arguments for format [-Wformat-extra-args]
g++ -o TestManually.exe "src\\TestManually.o" 
20:15:06 **** Incremental Build of configuration Debug for project TestManually ****
Info: Internal Builder is used for build
g++ -O0 -g3 -Wall -c -fmessage-length=0 -o "src\\TestManually.o" "..\\src\\TestManually.cpp" 
..\src\TestManually.cpp: In function 'int main()':
..\src\TestManually.cpp:15:41: warning: too many arguments for format [-Wformat-extra-args]
g++ -o TestManually.exe "src\\TestManually.o" 
20:15:25 **** Incremental Build of configuration Debug for project TestManually ****
Info: Internal Builder is used for build
g++ -O0 -g3 -Wall -c -fmessage-length=0 -o "src\\TestManually.o" "..\\src\\TestManually.cpp" 
..\src\TestManually.cpp: In function 'int main()':
..\src\TestManually.cpp:15:43: warning: too many arguments for format [-Wformat-extra-args]
g++ -o TestManually.exe "src\\TestManually.o" 
20:16:50 **** Incremental Build of configuration Debug for project TestManually ****
Info: Internal Builder is used for build
g++ -O0 -g3 -Wall -c -fmessage-length=0 -o "src\\TestManually.o" "..\\src\\TestManually.cpp" 
g++ -o TestManually.exe "src\\TestManually.o" 
20:17:10 **** Incremental Build of configuration Debug for project TestManually ****
Info: Internal Builder is used for build
g++ -O0 -g3 -Wall -c -fmessage-length=0 -o "src\\TestManually.o" "..\\src\\TestManually.cpp" 
..\src\TestManually.cpp: In function 'int main()':
..\src\TestManually.cpp:15:42: warning: too many arguments for format [-Wformat-extra-args]
g++ -o TestManually.exe "src\\TestManually.o" 
Info: Nothing to build for TestManually
Info: Nothing to build for TestManually
20:18:17 **** Incremental Build of configuration Debug for project TestManually ****
Info: Internal Builder is used for build
g++ -O0 -g3 -Wall -c -fmessage-length=0 -o "src\\TestManually.o" "..\\src\\TestManually.cpp" 
..\src\TestManually.cpp: In function 'int main()':
..\src\TestManually.cpp:15:42: warning: too many arguments for format [-Wformat-extra-args]
g++ -o TestManually.exe "src\\TestManually.o" 
20:18:47 **** Incremental Build of configuration Debug for project TestManually ****
Info: Internal Builder is used for build
g++ -O0 -g3 -Wall -c -fmessage-length=0 -o "src\\TestManually.o" "..\\src\\TestManually.cpp" 
g++ -o TestManually.exe "src\\TestManually.o" 
20:19:39 **** Incremental Build of configuration Debug for project TestManually ****
Info: Internal Builder is used for build
g++ -O0 -g3 -Wall -c -fmessage-length=0 -o "src\\TestManually.o" "..\\src\\TestManually.cpp" 
g++ -o TestManually.exe "src\\TestManually.o" 
20:20:15 **** Incremental Build of configuration Debug for project TestManually ****
Info: Internal Builder is used for build
g++ -O0 -g3 -Wall -c -fmessage-length=0 -o "src\\TestManually.o" "..\\src\\TestManually.cpp" 
g++ -o TestManually.exe "src\\TestManually.o" 
Info: Nothing to build for TestManually
